###############################################################################
#
# IAR C/C++ Compiler V6.40.1.950/W32 for MSP430           20/Apr/2016  15:43:38
# Copyright 1996-2015 IAR Systems AB.
# Standalone license - IAR Embedded Workbench for Texas Instruments MSP430, 8K KickStart Edition 6.40
#
#    __rt_version  =  3
#    __double_size =  32
#    __reg_r4      =  free
#    __reg_r5      =  free
#    __pic         =  no
#    __core        =  430X
#    __data_model  =  small
#    __code_model  =  large
#    Source file   =  C:\Users\Calvin\Dropbox\ncsu\ece306\Project8\LED.c
#    Command line  =  
#        C:\Users\Calvin\Dropbox\ncsu\ece306\Project8\LED.c -lC
#        C:\Users\Calvin\Dropbox\ncsu\ece306\Project8\Debug\List -o
#        C:\Users\Calvin\Dropbox\ncsu\ece306\Project8\Debug\Obj --no_cse
#        --no_unroll --no_inline --no_code_motion --no_tbaa --debug
#        -D__MSP430FR5739__ -e --double=32 --dlib_config "C:\Program Files
#        (x86)\IAR Systems\Embedded Workbench 7.3\430\lib\dlib\dl430xlsfn.h"
#        --core=430X --data_model=small -On --multiplier=32
#        --hw_workaround=CPU40 --code_model=large
#    List file     =  
#        C:\Users\Calvin\Dropbox\ncsu\ece306\Project8\Debug\List\LED.lst
#    Object file   =  
#        C:\Users\Calvin\Dropbox\ncsu\ece306\Project8\Debug\Obj\LED.r43
#
###############################################################################

C:\Users\Calvin\Dropbox\ncsu\ece306\Project8\LED.c
      1          //------------------------------------------------------------------------------
      2          //
      3          //  Description: This file contains the function to initialize the LEDs
      4          //
      5          //
      6          //  Calvin Schmidt
      7          //  Feb 2016
      8          //  Built with IAR Embedded Workbench Version: V7.3.1.3987 (6.40.1)
      9          //------------------------------------------------------------------------------
     10          
     11          //------------------------------------------------------------------------------
     12          
     13          #include  "msp430.h"
     14          #include  "functions.h"
     15          #include  "macros.h"
     16          

   \                                 In  segment CODE, align 2
     17          void Init_LEDs(void){
   \                     Init_LEDs:
     18          //------------------------------------------------------------------------------
     19          // Description: This function contains the LED Configurations
     20          //
     21          //  Calvin Schmidt
     22          //  Feb 2016
     23          //  Built with IAR Embedded Workbench Version: V7.3.1.3987 (6.40.1)
     24          //------------------------------------------------------------------------------
     25          // Turns on all 8 LEDs
     26          //  PJOUT &= ~LED4;
     27          //------------------------------------------------------------------------------
     28          }
   \   000000   1001         RETA

   Maximum stack usage in bytes:

   CSTACK Function
   ------ --------
      4   Init_LEDs


   Segment part sizes:

   Bytes  Function/Label
   -----  --------------
       2  Init_LEDs

 
 2 bytes in segment CODE
 
 2 bytes of CODE memory

Errors: none
Warnings: none
